<?xml version="1.0" encoding="UTF-8"?>
<!-- Generated by org.testng.reporters.JUnitReportReporter -->
<testsuite skipped="0" hostname="DESKTOP-G4P6S3Q" name="testCases.TC_07_AddCartShopBrand" tests="1" failures="0" timestamp="2023-09-05T15:00:27 IST" time="142.133" errors="0">
  <testcase name="testAddCartShopBrand" time="142.133" classname="testCases.TC_07_AddCartShopBrand"/>
  <system-out/>
</testsuite> <!-- testCases.TC_07_AddCartShopBrand -->
