<?xml version="1.0" encoding="UTF-8"?>
<!-- Generated by org.testng.reporters.JUnitReportReporter -->
<testsuite skipped="0" hostname="DESKTOP-G4P6S3Q" name="testCases.TC_04_SearchAddCart" tests="1" failures="0" timestamp="2023-08-17T23:57:47 IST" time="247.765" errors="0">
  <testcase name="searchAddCart" time="247.765" classname="testCases.TC_04_SearchAddCart"/>
  <system-out/>
</testsuite> <!-- testCases.TC_04_SearchAddCart -->
