<?xml version="1.0" encoding="UTF-8"?>
<!-- Generated by org.testng.reporters.JUnitReportReporter -->
<testsuite skipped="0" hostname="DESKTOP-G4P6S3Q" name="testCases.TC_06_AddCartDepartment" tests="1" failures="0" timestamp="2023-09-06T22:42:04 IST" time="82.706" errors="0">
  <testcase name="AddCartbyShopDepartment" time="82.706" classname="testCases.TC_06_AddCartDepartment"/>
  <system-out/>
</testsuite> <!-- testCases.TC_06_AddCartDepartment -->
