<?xml version="1.0" encoding="UTF-8"?>
<!-- Generated by org.testng.reporters.JUnitReportReporter -->
<testsuite skipped="0" hostname="DESKTOP-G4P6S3Q" name="testCases.TC_01_SignUp" tests="1" failures="0" timestamp="2023-09-06T22:42:04 IST" time="108.456" errors="0">
  <testcase name="testSignUp" time="108.456" classname="testCases.TC_01_SignUp"/>
  <system-out/>
</testsuite> <!-- testCases.TC_01_SignUp -->
